C:\Users\dmortensen\AppData\Local\Packages\PythonSoftwareFoundation.Python.3.12_qbz5n2kfra8p0\LocalCache\local-packages\Python312\site-packages\pytest_asyncio\plugin.py:207: PytestDeprecationWarning: The configuration option "asyncio_default_fixture_loop_scope" is unset.
The event loop scope for asynchronous fixtures will default to the fixture caching scope. Future versions of pytest-asyncio will default the loop scope for asynchronous fixtures to function scope. Set the default fixture loop scope explicitly in order to avoid unexpected behavior in the future. Valid fixture loop scopes are: "function", "class", "module", "package", "session"

  warnings.warn(PytestDeprecationWarning(_DEFAULT_FIXTURE_LOOP_SCOPE_UNSET))
============================= test session starts =============================
platform win32 -- Python 3.12.8, pytest-8.3.4, pluggy-1.5.0 -- C:\Users\dmortensen\AppData\Local\Microsoft\WindowsApps\PythonSoftwareFoundation.Python.3.12_qbz5n2kfra8p0\python.exe
cachedir: .pytest_cache
rootdir: c:\dev\od-dm-y\OneDrive\dev-projects\multi-llm-wrapper
plugins: anyio-4.7.0, asyncio-0.25.0, cov-6.0.0, requests-mock-1.12.1
asyncio: mode=Mode.STRICT, asyncio_default_fixture_loop_scope=None
collecting ... collected 24 items

tests/test_openai.py::test_openai_query FAILED                           [  4%]
tests/test_openai.py::test_openai_usage_tracking FAILED                  [  8%]
tests/test_openai.py::test_openai_error_handling FAILED                  [ 12%]
tests/test_openai.py::test_response_time_tracking FAILED                 [ 16%]
tests/test_openai.py::test_model_validation PASSED                       [ 20%]
tests/test_roo_provider_integration.py::test_provider_switching ERROR    [ 25%]
tests/test_roo_provider_integration.py::test_provider_specific_configurations ERROR [ 29%]
tests/test_roo_provider_integration.py::test_usage_tracking_accuracy ERROR [ 33%]
tests/test_roo_provider_integration.py::test_response_time_monitoring ERROR [ 37%]
tests/test_roo_provider_integration.py::test_provider_stability ERROR    [ 41%]
tests/test_roo_provider_integration.py::test_provider_edge_cases ERROR   [ 45%]
tests/test_roo_provider_integration.py::test_caching_mechanism ERROR     [ 50%]
tests/test_wrapper.py::test_basic_query ERROR                            [ 54%]
tests/test_wrapper.py::test_error_handling PASSED                        [ 58%]
tests/test_wrapper.py::test_wrapper_configuration PASSED                 [ 62%]
tests/test_wrapper.py::test_wrapper_comprehensive PASSED                 [ 66%]
tests/test_wrapper.py::test_successful_query ERROR                       [ 70%]
tests/test_wrapper.py::test_query_timeout FAILED                         [ 75%]
tests/test_wrapper.py::test_default_config PASSED                        [ 79%]
tests/test_wrapper.py::test_custom_config FAILED                         [ 83%]
tests/test_wrapper.py::test_response_format_validation ERROR             [ 87%]
tests/test_wrapper.py::test_empty_prompt PASSED                          [ 91%]
tests/test_wrapper.py::test_invalid_model PASSED                         [ 95%]
tests/test_wrapper.py::test_missing_api_key FAILED                       [100%]

=================================== ERRORS ====================================
__________________ ERROR at setup of test_provider_switching __________________
tests\test_roo_provider_integration.py:33: in mock_completion
    with patch('multi_llm_wrapper.wrapper.completion', mock):
C:\Program Files\WindowsApps\PythonSoftwareFoundation.Python.3.12_3.12.2288.0_x64__qbz5n2kfra8p0\Lib\unittest\mock.py:1467: in __enter__
    original, local = self.get_original()
C:\Program Files\WindowsApps\PythonSoftwareFoundation.Python.3.12_3.12.2288.0_x64__qbz5n2kfra8p0\Lib\unittest\mock.py:1437: in get_original
    raise AttributeError(
E   AttributeError: <module 'multi_llm_wrapper.wrapper' from 'c:\\dev\\od-dm-y\\OneDrive\\dev-projects\\multi-llm-wrapper\\src\\multi_llm_wrapper\\wrapper.py'> does not have the attribute 'completion'
___________ ERROR at setup of test_provider_specific_configurations ___________
tests\test_roo_provider_integration.py:33: in mock_completion
    with patch('multi_llm_wrapper.wrapper.completion', mock):
C:\Program Files\WindowsApps\PythonSoftwareFoundation.Python.3.12_3.12.2288.0_x64__qbz5n2kfra8p0\Lib\unittest\mock.py:1467: in __enter__
    original, local = self.get_original()
C:\Program Files\WindowsApps\PythonSoftwareFoundation.Python.3.12_3.12.2288.0_x64__qbz5n2kfra8p0\Lib\unittest\mock.py:1437: in get_original
    raise AttributeError(
E   AttributeError: <module 'multi_llm_wrapper.wrapper' from 'c:\\dev\\od-dm-y\\OneDrive\\dev-projects\\multi-llm-wrapper\\src\\multi_llm_wrapper\\wrapper.py'> does not have the attribute 'completion'
_______________ ERROR at setup of test_usage_tracking_accuracy ________________
tests\test_roo_provider_integration.py:48: in mock_completion_no_delay
    with patch('multi_llm_wrapper.wrapper.completion', mock):
C:\Program Files\WindowsApps\PythonSoftwareFoundation.Python.3.12_3.12.2288.0_x64__qbz5n2kfra8p0\Lib\unittest\mock.py:1467: in __enter__
    original, local = self.get_original()
C:\Program Files\WindowsApps\PythonSoftwareFoundation.Python.3.12_3.12.2288.0_x64__qbz5n2kfra8p0\Lib\unittest\mock.py:1437: in get_original
    raise AttributeError(
E   AttributeError: <module 'multi_llm_wrapper.wrapper' from 'c:\\dev\\od-dm-y\\OneDrive\\dev-projects\\multi-llm-wrapper\\src\\multi_llm_wrapper\\wrapper.py'> does not have the attribute 'completion'
_______________ ERROR at setup of test_response_time_monitoring _______________
tests\test_roo_provider_integration.py:33: in mock_completion
    with patch('multi_llm_wrapper.wrapper.completion', mock):
C:\Program Files\WindowsApps\PythonSoftwareFoundation.Python.3.12_3.12.2288.0_x64__qbz5n2kfra8p0\Lib\unittest\mock.py:1467: in __enter__
    original, local = self.get_original()
C:\Program Files\WindowsApps\PythonSoftwareFoundation.Python.3.12_3.12.2288.0_x64__qbz5n2kfra8p0\Lib\unittest\mock.py:1437: in get_original
    raise AttributeError(
E   AttributeError: <module 'multi_llm_wrapper.wrapper' from 'c:\\dev\\od-dm-y\\OneDrive\\dev-projects\\multi-llm-wrapper\\src\\multi_llm_wrapper\\wrapper.py'> does not have the attribute 'completion'
__________________ ERROR at setup of test_provider_stability __________________
tests\test_roo_provider_integration.py:33: in mock_completion
    with patch('multi_llm_wrapper.wrapper.completion', mock):
C:\Program Files\WindowsApps\PythonSoftwareFoundation.Python.3.12_3.12.2288.0_x64__qbz5n2kfra8p0\Lib\unittest\mock.py:1467: in __enter__
    original, local = self.get_original()
C:\Program Files\WindowsApps\PythonSoftwareFoundation.Python.3.12_3.12.2288.0_x64__qbz5n2kfra8p0\Lib\unittest\mock.py:1437: in get_original
    raise AttributeError(
E   AttributeError: <module 'multi_llm_wrapper.wrapper' from 'c:\\dev\\od-dm-y\\OneDrive\\dev-projects\\multi-llm-wrapper\\src\\multi_llm_wrapper\\wrapper.py'> does not have the attribute 'completion'
_________________ ERROR at setup of test_provider_edge_cases __________________
tests\test_roo_provider_integration.py:33: in mock_completion
    with patch('multi_llm_wrapper.wrapper.completion', mock):
C:\Program Files\WindowsApps\PythonSoftwareFoundation.Python.3.12_3.12.2288.0_x64__qbz5n2kfra8p0\Lib\unittest\mock.py:1467: in __enter__
    original, local = self.get_original()
C:\Program Files\WindowsApps\PythonSoftwareFoundation.Python.3.12_3.12.2288.0_x64__qbz5n2kfra8p0\Lib\unittest\mock.py:1437: in get_original
    raise AttributeError(
E   AttributeError: <module 'multi_llm_wrapper.wrapper' from 'c:\\dev\\od-dm-y\\OneDrive\\dev-projects\\multi-llm-wrapper\\src\\multi_llm_wrapper\\wrapper.py'> does not have the attribute 'completion'
__________________ ERROR at setup of test_caching_mechanism ___________________
tests\test_roo_provider_integration.py:33: in mock_completion
    with patch('multi_llm_wrapper.wrapper.completion', mock):
C:\Program Files\WindowsApps\PythonSoftwareFoundation.Python.3.12_3.12.2288.0_x64__qbz5n2kfra8p0\Lib\unittest\mock.py:1467: in __enter__
    original, local = self.get_original()
C:\Program Files\WindowsApps\PythonSoftwareFoundation.Python.3.12_3.12.2288.0_x64__qbz5n2kfra8p0\Lib\unittest\mock.py:1437: in get_original
    raise AttributeError(
E   AttributeError: <module 'multi_llm_wrapper.wrapper' from 'c:\\dev\\od-dm-y\\OneDrive\\dev-projects\\multi-llm-wrapper\\src\\multi_llm_wrapper\\wrapper.py'> does not have the attribute 'completion'
_____________________ ERROR at setup of test_basic_query ______________________
tests\test_wrapper.py:56: in mock_completion
    with patch('multi_llm_wrapper.wrapper.completion', mock):
C:\Program Files\WindowsApps\PythonSoftwareFoundation.Python.3.12_3.12.2288.0_x64__qbz5n2kfra8p0\Lib\unittest\mock.py:1467: in __enter__
    original, local = self.get_original()
C:\Program Files\WindowsApps\PythonSoftwareFoundation.Python.3.12_3.12.2288.0_x64__qbz5n2kfra8p0\Lib\unittest\mock.py:1437: in get_original
    raise AttributeError(
E   AttributeError: <module 'multi_llm_wrapper.wrapper' from 'c:\\dev\\od-dm-y\\OneDrive\\dev-projects\\multi-llm-wrapper\\src\\multi_llm_wrapper\\wrapper.py'> does not have the attribute 'completion'
___________________ ERROR at setup of test_successful_query ___________________
tests\test_wrapper.py:56: in mock_completion
    with patch('multi_llm_wrapper.wrapper.completion', mock):
C:\Program Files\WindowsApps\PythonSoftwareFoundation.Python.3.12_3.12.2288.0_x64__qbz5n2kfra8p0\Lib\unittest\mock.py:1467: in __enter__
    original, local = self.get_original()
C:\Program Files\WindowsApps\PythonSoftwareFoundation.Python.3.12_3.12.2288.0_x64__qbz5n2kfra8p0\Lib\unittest\mock.py:1437: in get_original
    raise AttributeError(
E   AttributeError: <module 'multi_llm_wrapper.wrapper' from 'c:\\dev\\od-dm-y\\OneDrive\\dev-projects\\multi-llm-wrapper\\src\\multi_llm_wrapper\\wrapper.py'> does not have the attribute 'completion'
______________ ERROR at setup of test_response_format_validation ______________
tests\test_wrapper.py:56: in mock_completion
    with patch('multi_llm_wrapper.wrapper.completion', mock):
C:\Program Files\WindowsApps\PythonSoftwareFoundation.Python.3.12_3.12.2288.0_x64__qbz5n2kfra8p0\Lib\unittest\mock.py:1467: in __enter__
    original, local = self.get_original()
C:\Program Files\WindowsApps\PythonSoftwareFoundation.Python.3.12_3.12.2288.0_x64__qbz5n2kfra8p0\Lib\unittest\mock.py:1437: in get_original
    raise AttributeError(
E   AttributeError: <module 'multi_llm_wrapper.wrapper' from 'c:\\dev\\od-dm-y\\OneDrive\\dev-projects\\multi-llm-wrapper\\src\\multi_llm_wrapper\\wrapper.py'> does not have the attribute 'completion'
================================== FAILURES ===================================
______________________________ test_openai_query ______________________________
tests\test_openai.py:46: in test_openai_query
    assert response["provider"] == "openai"
E   AssertionError: assert 'anthropic' == 'openai'
E     
E     - openai
E     + anthropic
_________________________ test_openai_usage_tracking __________________________
tests\test_openai.py:66: in test_openai_usage_tracking
    assert usage["openai"]["requests"] == 3
E   assert 0 == 3
---------------------------- Captured stdout call -----------------------------

[1;31mGive Feedback / Get Help: https://github.com/BerriAI/litellm/issues/new[0m
LiteLLM.Info: If you need to debug this error, use `litellm.set_verbose=True'.

------------------------------ Captured log call ------------------------------
ERROR    multi_llm_wrapper.wrapper:wrapper.py:128 Query failed: InternalServerError: litellm.InternalServerError: AnthropicException - Event loop is closed. Handle with `litellm.InternalServerError`.
_________________________ test_openai_error_handling __________________________
tests\test_openai.py:72: in test_openai_error_handling
    with patch('multi_llm_wrapper.wrapper.completion', side_effect=Exception("API Error")):
C:\Program Files\WindowsApps\PythonSoftwareFoundation.Python.3.12_3.12.2288.0_x64__qbz5n2kfra8p0\Lib\unittest\mock.py:1467: in __enter__
    original, local = self.get_original()
C:\Program Files\WindowsApps\PythonSoftwareFoundation.Python.3.12_3.12.2288.0_x64__qbz5n2kfra8p0\Lib\unittest\mock.py:1437: in get_original
    raise AttributeError(
E   AttributeError: <module 'multi_llm_wrapper.wrapper' from 'c:\\dev\\od-dm-y\\OneDrive\\dev-projects\\multi-llm-wrapper\\src\\multi_llm_wrapper\\wrapper.py'> does not have the attribute 'completion'
_________________________ test_response_time_tracking _________________________
tests\test_openai.py:87: in test_response_time_tracking
    assert avg_time > 0
E   assert 0.0 > 0
---------------------------- Captured stdout call -----------------------------

[1;31mGive Feedback / Get Help: https://github.com/BerriAI/litellm/issues/new[0m
LiteLLM.Info: If you need to debug this error, use `litellm.set_verbose=True'.

------------------------------ Captured log call ------------------------------
ERROR    multi_llm_wrapper.wrapper:wrapper.py:128 Query failed: InternalServerError: litellm.InternalServerError: AnthropicException - Event loop is closed. Handle with `litellm.InternalServerError`.
_____________________________ test_query_timeout ______________________________
tests\test_wrapper.py:107: in test_query_timeout
    with patch('multi_llm_wrapper.wrapper.completion', AsyncMock(side_effect=mock_timeout)):
C:\Program Files\WindowsApps\PythonSoftwareFoundation.Python.3.12_3.12.2288.0_x64__qbz5n2kfra8p0\Lib\unittest\mock.py:1467: in __enter__
    original, local = self.get_original()
C:\Program Files\WindowsApps\PythonSoftwareFoundation.Python.3.12_3.12.2288.0_x64__qbz5n2kfra8p0\Lib\unittest\mock.py:1437: in get_original
    raise AttributeError(
E   AttributeError: <module 'multi_llm_wrapper.wrapper' from 'c:\\dev\\od-dm-y\\OneDrive\\dev-projects\\multi-llm-wrapper\\src\\multi_llm_wrapper\\wrapper.py'> does not have the attribute 'completion'
_____________________________ test_custom_config ______________________________
tests\test_wrapper.py:129: in test_custom_config
    assert wrapper.config.default_model == "gpt-4"
E   AssertionError: assert 'claude-3-sonnet-20240229' == 'gpt-4'
E     
E     - gpt-4
E     + claude-3-sonnet-20240229
____________________________ test_missing_api_key _____________________________
tests\test_wrapper.py:159: in test_missing_api_key
    config = TestConfig()  # This will have api_key=None
<string>:12: in __init__
    ???
src\multi_llm_wrapper\config.py:105: in __post_init__
    raise ValueError(f"{self.default_provider.capitalize()} API key not found in environment or configuration")
E   ValueError: Anthropic API key not found in environment or configuration
============================== warnings summary ===============================
..\..\..\..\..\Users\dmortensen\AppData\Local\Packages\PythonSoftwareFoundation.Python.3.12_qbz5n2kfra8p0\LocalCache\local-packages\Python312\site-packages\litellm\utils.py:146
  C:\Users\dmortensen\AppData\Local\Packages\PythonSoftwareFoundation.Python.3.12_qbz5n2kfra8p0\LocalCache\local-packages\Python312\site-packages\litellm\utils.py:146: DeprecationWarning: open_text is deprecated. Use files() instead. Refer to https://importlib-resources.readthedocs.io/en/latest/using.html#migrating-from-legacy for migration advice.
    with resources.open_text(

tests\test_wrapper.py:22
  c:\dev\od-dm-y\OneDrive\dev-projects\multi-llm-wrapper\tests\test_wrapper.py:22: PytestCollectionWarning: cannot collect test class 'TestConfig' because it has a __init__ constructor (from: tests/test_wrapper.py)
    @dataclass

tests/test_openai.py::test_openai_query
  C:\Users\dmortensen\AppData\Local\Packages\PythonSoftwareFoundation.Python.3.12_qbz5n2kfra8p0\LocalCache\local-packages\Python312\site-packages\pytest_asyncio\plugin.py:976: PytestDeprecationWarning: asyncio test 'test_openai_query' requested async @pytest.fixture 'mock_completion' in strict mode. You might want to use @pytest_asyncio.fixture or switch to auto mode. This will become an error in future versions of flake8-asyncio.
    warnings.warn(

tests/test_openai.py::test_openai_usage_tracking
  C:\Users\dmortensen\AppData\Local\Packages\PythonSoftwareFoundation.Python.3.12_qbz5n2kfra8p0\LocalCache\local-packages\Python312\site-packages\pytest_asyncio\plugin.py:976: PytestDeprecationWarning: asyncio test 'test_openai_usage_tracking' requested async @pytest.fixture 'mock_completion' in strict mode. You might want to use @pytest_asyncio.fixture or switch to auto mode. This will become an error in future versions of flake8-asyncio.
    warnings.warn(

tests/test_openai.py::test_response_time_tracking
  C:\Users\dmortensen\AppData\Local\Packages\PythonSoftwareFoundation.Python.3.12_qbz5n2kfra8p0\LocalCache\local-packages\Python312\site-packages\pytest_asyncio\plugin.py:976: PytestDeprecationWarning: asyncio test 'test_response_time_tracking' requested async @pytest.fixture 'mock_completion' in strict mode. You might want to use @pytest_asyncio.fixture or switch to auto mode. This will become an error in future versions of flake8-asyncio.
    warnings.warn(

-- Docs: https://docs.pytest.org/en/stable/how-to/capture-warnings.html
=========================== short test summary info ===========================
FAILED tests/test_openai.py::test_openai_query - AssertionError: assert 'anth...
FAILED tests/test_openai.py::test_openai_usage_tracking - assert 0 == 3
FAILED tests/test_openai.py::test_openai_error_handling - AttributeError: <mo...
FAILED tests/test_openai.py::test_response_time_tracking - assert 0.0 > 0
FAILED tests/test_wrapper.py::test_query_timeout - AttributeError: <module 'm...
FAILED tests/test_wrapper.py::test_custom_config - AssertionError: assert 'cl...
FAILED tests/test_wrapper.py::test_missing_api_key - ValueError: Anthropic AP...
ERROR tests/test_roo_provider_integration.py::test_provider_switching - Attri...
ERROR tests/test_roo_provider_integration.py::test_provider_specific_configurations
ERROR tests/test_roo_provider_integration.py::test_usage_tracking_accuracy - ...
ERROR tests/test_roo_provider_integration.py::test_response_time_monitoring
ERROR tests/test_roo_provider_integration.py::test_provider_stability - Attri...
ERROR tests/test_roo_provider_integration.py::test_provider_edge_cases - Attr...
ERROR tests/test_roo_provider_integration.py::test_caching_mechanism - Attrib...
ERROR tests/test_wrapper.py::test_basic_query - AttributeError: <module 'mult...
ERROR tests/test_wrapper.py::test_successful_query - AttributeError: <module ...
ERROR tests/test_wrapper.py::test_response_format_validation - AttributeError...
============= 7 failed, 7 passed, 5 warnings, 10 errors in 10.04s =============
